Software Version: 2024.2.0.13
Opened '/home/jessica/Desktop/lultrasound_ibero/envelope_detection/designer/envelope/envelope_fp/envelope.pro'
PDB file '/home/jessica/Desktop/lultrasound_ibero/envelope_detection/designer/envelope/envelope.pdb' has been loaded successfully.
DESIGN : envelope;  CHECKSUM : 7C04;  PDB_VERSION : 1.9
Info: Programming Interface selected is JTAG.
Info: Design version: 0
File/Folder '/home/jessica/Desktop/lultrasound_ibero/envelope_detection/designer/envelope/export/envelope.stp' will be overwritten.
Successfully exported STAPL file: '/home/jessica/Desktop/lultrasound_ibero/envelope_detection/designer/envelope/export/envelope.stp'; file programs Fabric and sNVM.
Fabric component bitstream digest: a391baaddc338100f62cee11a7c250f0d56c2a458e2b7c0f18e2bb1e4d7b128f
sNVM component bitstream digest: b0a9e2be29f47fa951a6a131a8dd9a9016e5ba87de5833c742b7f654428ea6e7
Entire bitstream digest: a2458fb34842f30abf75aba4308fb24d47edfd233c05763c5f386d4d3ce3985e
Finished: Wed Aug 13 16:21:30 2025 (Elapsed time 00:00:07)

Info: Programming Interface selected is JTAG.
Info: Design version: 0
File/Folder '/home/jessica/Desktop/lultrasound_ibero/envelope_detection/designer/envelope/export/envelope.ppd' will be overwritten.
Successfully exported PPD file for currently secured device: '/home/jessica/Desktop/lultrasound_ibero/envelope_detection/designer/envelope/export/envelope.ppd'; file programs Fabric and sNVM.
Fabric component bitstream digest: a391baaddc338100f62cee11a7c250f0d56c2a458e2b7c0f18e2bb1e4d7b128f
sNVM component bitstream digest: b0a9e2be29f47fa951a6a131a8dd9a9016e5ba87de5833c742b7f654428ea6e7
Entire bitstream digest: a2458fb34842f30abf75aba4308fb24d47edfd233c05763c5f386d4d3ce3985e
Finished: Wed Aug 13 16:21:42 2025 (Elapsed time 00:00:12)

Info: Programming Interface selected is JTAG.
Info: Design version: 0
File/Folder '/home/jessica/Desktop/lultrasound_ibero/envelope_detection/designer/envelope/export/envelope.dat' will be overwritten.
Successfully exported DirectC file: '/home/jessica/Desktop/lultrasound_ibero/envelope_detection/designer/envelope/export/envelope.dat'; file programs Fabric and sNVM.
Fabric component bitstream digest: a391baaddc338100f62cee11a7c250f0d56c2a458e2b7c0f18e2bb1e4d7b128f
sNVM component bitstream digest: b0a9e2be29f47fa951a6a131a8dd9a9016e5ba87de5833c742b7f654428ea6e7
Entire bitstream digest: a2458fb34842f30abf75aba4308fb24d47edfd233c05763c5f386d4d3ce3985e
Finished: Wed Aug 13 16:21:52 2025 (Elapsed time 00:00:10)

Info: Programming Interface selected is JTAG.
Info: Design version: 0
File/Folder '/home/jessica/Desktop/lultrasound_ibero/envelope_detection/designer/envelope/export/envelope.spi' will be overwritten.
Successfully exported SPI master file: '/home/jessica/Desktop/lultrasound_ibero/envelope_detection/designer/envelope/export/envelope.spi'; file programs Fabric and sNVM.
Fabric component bitstream digest: a391baaddc338100f62cee11a7c250f0d56c2a458e2b7c0f18e2bb1e4d7b128f
sNVM component bitstream digest: b0a9e2be29f47fa951a6a131a8dd9a9016e5ba87de5833c742b7f654428ea6e7
Entire bitstream digest: 2d8c5467aa764b196722c774d2f3b378022449ff93237edb95159154e91e84d4
Finished: Wed Aug 13 16:22:01 2025 (Elapsed time 00:00:09)

Project saved.
Project closed.
