Resource Usage Report for top 

Mapping to part: mpfs025tfcvg484-1
Cell usage:
CLKINT          34 uses
CFG1           15 uses
CFG2           334 uses
CFG3           601 uses
CFG4           1066 uses

Carry cells:
ARI1            2476 uses - used for arithmetic functions
ARI1            82 uses - used for Wide-Mux implementation
Total ARI1      2558 uses


Sequential Cells: 
SLE            4689 uses
SLE_INIT       14 uses - used for Seqshift to URAM mapping
Total SLE          4703 uses

DSP Blocks:   31 of 68 (45%)
 MACC_PA:        16 Mults
 MACC_PA_BC_ROM: 15 Mults

I/O ports: 26
I/O primitives: 26
INBUF          2 uses
OUTBUF         24 uses


Global Clock Buffers: 34

Total LUTs:    4574

Extra resources required for RAM and MACC_PA interface logic during P&R:

RAM64X12 Interface Logic : SLEs = 312; LUTs = 312;
RAM1K20  Interface Logic : SLEs = 0; LUTs = 0;
MACC_PA     Interface Logic : SLEs = 576; LUTs = 576;
MACC_PA_BC_ROM     Interface Logic : SLEs = 540; LUTs = 540;

Total number of SLEs after P&R:  4703 + 312 + 0 + 1116 = 6131;
Total number of LUTs after P&R:  4574 + 312 + 0 + 1116 = 6002;

