/home/jessica/Desktop/github__echocore_jessica/qam_16/synthesis/my_design.vm(28163): WARNING: literal value truncated to fit in 288 bits (VERI-1208)
Warning:  VERI-1208:  literal value truncated to fit in 288 bits. FILE /home/jessica/Desktop/github__echocore_jessica/qam_16/synthesis/my_design.vm LINE 28163
/home/jessica/Desktop/github__echocore_jessica/qam_16/synthesis/my_design.vm(28314): WARNING: literal value truncated to fit in 288 bits (VERI-1208)
Warning:  VERI-1208:  literal value truncated to fit in 288 bits. FILE /home/jessica/Desktop/github__echocore_jessica/qam_16/synthesis/my_design.vm LINE 28314
/home/jessica/Desktop/github__echocore_jessica/qam_16/synthesis/my_design.vm(28460): WARNING: literal value truncated to fit in 288 bits (VERI-1208)
Warning:  VERI-1208:  literal value truncated to fit in 288 bits. FILE /home/jessica/Desktop/github__echocore_jessica/qam_16/synthesis/my_design.vm LINE 28460
/home/jessica/Desktop/github__echocore_jessica/qam_16/synthesis/my_design.vm(28606): WARNING: literal value truncated to fit in 288 bits (VERI-1208)
Warning:  VERI-1208:  literal value truncated to fit in 288 bits. FILE /home/jessica/Desktop/github__echocore_jessica/qam_16/synthesis/my_design.vm LINE 28606
/home/jessica/Desktop/github__echocore_jessica/qam_16/synthesis/my_design.vm(28752): WARNING: literal value truncated to fit in 288 bits (VERI-1208)
Warning:  VERI-1208:  literal value truncated to fit in 288 bits. FILE /home/jessica/Desktop/github__echocore_jessica/qam_16/synthesis/my_design.vm LINE 28752
/home/jessica/Desktop/github__echocore_jessica/qam_16/synthesis/my_design.vm(28897): WARNING: literal value truncated to fit in 288 bits (VERI-1208)
Warning:  VERI-1208:  literal value truncated to fit in 288 bits. FILE /home/jessica/Desktop/github__echocore_jessica/qam_16/synthesis/my_design.vm LINE 28897
/home/jessica/Desktop/github__echocore_jessica/qam_16/synthesis/my_design.vm(29498): WARNING: literal value truncated to fit in 288 bits (VERI-1208)
Warning:  VERI-1208:  literal value truncated to fit in 288 bits. FILE /home/jessica/Desktop/github__echocore_jessica/qam_16/synthesis/my_design.vm LINE 29498
/home/jessica/Desktop/github__echocore_jessica/qam_16/synthesis/my_design.vm(29652): WARNING: literal value truncated to fit in 288 bits (VERI-1208)
Warning:  VERI-1208:  literal value truncated to fit in 288 bits. FILE /home/jessica/Desktop/github__echocore_jessica/qam_16/synthesis/my_design.vm LINE 29652
/home/jessica/Desktop/github__echocore_jessica/qam_16/synthesis/my_design.vm(29798): WARNING: literal value truncated to fit in 288 bits (VERI-1208)
Warning:  VERI-1208:  literal value truncated to fit in 288 bits. FILE /home/jessica/Desktop/github__echocore_jessica/qam_16/synthesis/my_design.vm LINE 29798
/home/jessica/Desktop/github__echocore_jessica/qam_16/synthesis/my_design.vm(29944): WARNING: literal value truncated to fit in 288 bits (VERI-1208)
Warning:  VERI-1208:  literal value truncated to fit in 288 bits. FILE /home/jessica/Desktop/github__echocore_jessica/qam_16/synthesis/my_design.vm LINE 29944
/home/jessica/Desktop/github__echocore_jessica/qam_16/synthesis/my_design.vm(30091): WARNING: literal value truncated to fit in 288 bits (VERI-1208)
Warning:  VERI-1208:  literal value truncated to fit in 288 bits. FILE /home/jessica/Desktop/github__echocore_jessica/qam_16/synthesis/my_design.vm LINE 30091
/home/jessica/Desktop/github__echocore_jessica/qam_16/synthesis/my_design.vm(34267): WARNING: literal value truncated to fit in 288 bits (VERI-1208)
Warning:  VERI-1208:  literal value truncated to fit in 288 bits. FILE /home/jessica/Desktop/github__echocore_jessica/qam_16/synthesis/my_design.vm LINE 34267
/home/jessica/Desktop/github__echocore_jessica/qam_16/synthesis/my_design.vm(34418): WARNING: literal value truncated to fit in 288 bits (VERI-1208)
Warning:  VERI-1208:  literal value truncated to fit in 288 bits. FILE /home/jessica/Desktop/github__echocore_jessica/qam_16/synthesis/my_design.vm LINE 34418
/home/jessica/Desktop/github__echocore_jessica/qam_16/synthesis/my_design.vm(34564): WARNING: literal value truncated to fit in 288 bits (VERI-1208)
Warning:  VERI-1208:  literal value truncated to fit in 288 bits. FILE /home/jessica/Desktop/github__echocore_jessica/qam_16/synthesis/my_design.vm LINE 34564
/home/jessica/Desktop/github__echocore_jessica/qam_16/synthesis/my_design.vm(34710): WARNING: literal value truncated to fit in 288 bits (VERI-1208)
Warning:  VERI-1208:  literal value truncated to fit in 288 bits. FILE /home/jessica/Desktop/github__echocore_jessica/qam_16/synthesis/my_design.vm LINE 34710
/home/jessica/Desktop/github__echocore_jessica/qam_16/synthesis/my_design.vm(34856): WARNING: literal value truncated to fit in 288 bits (VERI-1208)
Warning:  VERI-1208:  literal value truncated to fit in 288 bits. FILE /home/jessica/Desktop/github__echocore_jessica/qam_16/synthesis/my_design.vm LINE 34856
/home/jessica/Desktop/github__echocore_jessica/qam_16/synthesis/my_design.vm(35001): WARNING: literal value truncated to fit in 288 bits (VERI-1208)
Warning:  VERI-1208:  literal value truncated to fit in 288 bits. FILE /home/jessica/Desktop/github__echocore_jessica/qam_16/synthesis/my_design.vm LINE 35001
/home/jessica/Desktop/github__echocore_jessica/qam_16/synthesis/my_design.vm(35602): WARNING: literal value truncated to fit in 288 bits (VERI-1208)
Warning:  VERI-1208:  literal value truncated to fit in 288 bits. FILE /home/jessica/Desktop/github__echocore_jessica/qam_16/synthesis/my_design.vm LINE 35602
/home/jessica/Desktop/github__echocore_jessica/qam_16/synthesis/my_design.vm(35756): WARNING: literal value truncated to fit in 288 bits (VERI-1208)
Warning:  VERI-1208:  literal value truncated to fit in 288 bits. FILE /home/jessica/Desktop/github__echocore_jessica/qam_16/synthesis/my_design.vm LINE 35756
/home/jessica/Desktop/github__echocore_jessica/qam_16/synthesis/my_design.vm(35902): WARNING: literal value truncated to fit in 288 bits (VERI-1208)
Warning:  VERI-1208:  literal value truncated to fit in 288 bits. FILE /home/jessica/Desktop/github__echocore_jessica/qam_16/synthesis/my_design.vm LINE 35902
/home/jessica/Desktop/github__echocore_jessica/qam_16/synthesis/my_design.vm(36048): WARNING: literal value truncated to fit in 288 bits (VERI-1208)
Warning:  VERI-1208:  literal value truncated to fit in 288 bits. FILE /home/jessica/Desktop/github__echocore_jessica/qam_16/synthesis/my_design.vm LINE 36048
/home/jessica/Desktop/github__echocore_jessica/qam_16/synthesis/my_design.vm(36195): WARNING: literal value truncated to fit in 288 bits (VERI-1208)
Warning:  VERI-1208:  literal value truncated to fit in 288 bits. FILE /home/jessica/Desktop/github__echocore_jessica/qam_16/synthesis/my_design.vm LINE 36195

===============================================================================.

Info: Global design data:
      Total globals:                       1
      Globals that cannot be demoted:      0
      Globals considered for demotion:     1


Info: List of globals considered for demotion:
    CLK    ASYN   DATA   Instance Name
    ---    ----   ----   -------------
    1805   0      0      'I_1'

Info: Demotion information:
Info: [127205381]:  CMPPF_302: Added 0 row global instances.
Info: [127205382]:  CMPPF_303: Deleted 0 global instances.

===============================================================================.

