
Copyright (C) 1994-2022 Synopsys, Inc.
This Synopsys software and all associated documentation are proprietary to Synopsys, Inc.
and may only be used pursuant to the terms and conditions of a written license agreement
with Synopsys, Inc. All other use, reproduction, modification, or distribution of the
Synopsys software or the associated documentation is strictly prohibited.
Tool: Synplify Pro (R)
Build: T-2022.09M-SP2-1
Install: /home/beagle/Microchip/Libero_SoC_v2023.2/SynplifyPro
OS: Ubuntu 20.04.6 LTS
Hostname: bbbio-ci-ubuntu-2004-1
max virtual memory: unlimited (bytes)
max user processes: 127981
max stack size: 8388608 (bytes)


Implementation : synthesis

# Written on Wed Aug 20 10:44:53 2025

##### FILES SYNTAX CHECKED ##############################################
Constraint File(s):      "/home/beagle/builds/B9sZd6qR/0/vedj773/count-gateware/builds/my_custom_fpga_design/work/libero/designer/MY_CUSTOM_FPGA_DESIGN_2C5C164A/synthesis.fdc"

#Run constraint checker to find more issues with constraints.
#########################################################################



No issues found in constraint syntax.



Clock Summary
*************

          Start                                                                      Requested     Requested     Clock                             Clock                Clock
Level     Clock                                                                      Frequency     Period        Type                              Group                Load 
-----------------------------------------------------------------------------------------------------------------------------------------------------------------------------
0 -       osc_rc160mhz                                                               160.0 MHz     6.250         declared                          default_clkgroup     2    
1 .         CLOCKS_AND_RESETS_inst_0/FPGA_CCC_C0_0/FPGA_CCC_C0_0/pll_inst_0/OUT3     50.0 MHz      20.000        generated (from osc_rc160mhz)     FIC3_clks            484  
1 .         CLOCKS_AND_RESETS_inst_0/FPGA_CCC_C0_0/FPGA_CCC_C0_0/pll_inst_0/OUT0     125.0 MHz     8.000         generated (from osc_rc160mhz)     FIC0_clks            17   
1 .         CLOCKS_AND_RESETS_inst_0/FPGA_CCC_C0_0/FPGA_CCC_C0_0/pll_inst_0/OUT1     125.0 MHz     8.000         generated (from osc_rc160mhz)     FIC1_clks            1    
1 .         CLOCKS_AND_RESETS_inst_0/FPGA_CCC_C0_0/FPGA_CCC_C0_0/pll_inst_0/OUT2     125.0 MHz     8.000         generated (from osc_rc160mhz)     FIC2_clks            1    
1 .         CLOCKS_AND_RESETS_inst_0/PF_CCC_ADC_0/PF_CCC_ADC_0/pll_inst_0/OUT0       4.9 MHz       203.459       generated (from osc_rc160mhz)     default_clkgroup     0    
                                                                                                                                                                             
0 -       System                                                                     100.0 MHz     10.000        system                            system_clkgroup      0    
=============================================================================================================================================================================


Clock Load Summary
******************

                                                                         Clock     Source                                                                                                Clock Pin                                                                   Non-clock Pin     Non-clock Pin                                                                              
Clock                                                                    Load      Pin                                                                                                   Seq Example                                                                 Seq Example       Comb Example                                                                               
----------------------------------------------------------------------------------------------------------------------------------------------------------------------------------------------------------------------------------------------------------------------------------------------------------------------------------------------------------------------------------
osc_rc160mhz                                                             2         CLOCKS_AND_RESETS_inst_0.OSCILLATOR_160MHz_inst_0.OSCILLATOR_160MHz_0.I_OSC_160.CLK(OSC_RC160MHZ)     CLOCKS_AND_RESETS_inst_0.PF_CCC_ADC_0.PF_CCC_ADC_0.pll_inst_0.REF_CLK_0     -                 CLOCKS_AND_RESETS_inst_0.OSCILLATOR_160MHz_inst_0.OSCILLATOR_160MHz_0.I_OSC_160_INT.I(BUFG)
CLOCKS_AND_RESETS_inst_0/FPGA_CCC_C0_0/FPGA_CCC_C0_0/pll_inst_0/OUT3     484       CLOCKS_AND_RESETS_inst_0.FPGA_CCC_C0_0.FPGA_CCC_C0_0.pll_inst_0.OUT3(PLL)                             CLOCKS_AND_RESETS_inst_0.FIC_3_RESET_0.CORERESET_0.dff_0.C                  -                 CLOCKS_AND_RESETS_inst_0.FPGA_CCC_C0_0.FPGA_CCC_C0_0.clkint_12.I(BUFG)                     
CLOCKS_AND_RESETS_inst_0/FPGA_CCC_C0_0/FPGA_CCC_C0_0/pll_inst_0/OUT0     17        CLOCKS_AND_RESETS_inst_0.FPGA_CCC_C0_0.FPGA_CCC_C0_0.pll_inst_0.OUT0(PLL)                             CLOCKS_AND_RESETS_inst_0.FIC_0_RESET.CORERESET_0.dff_0.C                    -                 CLOCKS_AND_RESETS_inst_0.FPGA_CCC_C0_0.FPGA_CCC_C0_0.clkint_0.I(BUFG)                      
CLOCKS_AND_RESETS_inst_0/FPGA_CCC_C0_0/FPGA_CCC_C0_0/pll_inst_0/OUT1     1         CLOCKS_AND_RESETS_inst_0.FPGA_CCC_C0_0.FPGA_CCC_C0_0.pll_inst_0.OUT1(PLL)                             BVF_RISCV_SUBSYSTEM_inst_0.PF_SOC_MSS_inst_0.I_MSS.FIC_1_ACLK               -                 CLOCKS_AND_RESETS_inst_0.FPGA_CCC_C0_0.FPGA_CCC_C0_0.clkint_4.I(BUFG)                      
CLOCKS_AND_RESETS_inst_0/FPGA_CCC_C0_0/FPGA_CCC_C0_0/pll_inst_0/OUT2     1         CLOCKS_AND_RESETS_inst_0.FPGA_CCC_C0_0.FPGA_CCC_C0_0.pll_inst_0.OUT2(PLL)                             BVF_RISCV_SUBSYSTEM_inst_0.PF_SOC_MSS_inst_0.I_MSS.FIC_2_ACLK               -                 CLOCKS_AND_RESETS_inst_0.FPGA_CCC_C0_0.FPGA_CCC_C0_0.clkint_8.I(BUFG)                      
CLOCKS_AND_RESETS_inst_0/PF_CCC_ADC_0/PF_CCC_ADC_0/pll_inst_0/OUT0       0         CLOCKS_AND_RESETS_inst_0.PF_CCC_ADC_0.PF_CCC_ADC_0.pll_inst_0.OUT0(PLL)                               -                                                                           -                 CLOCKS_AND_RESETS_inst_0.PF_CCC_ADC_0.PF_CCC_ADC_0.clkint_0.I(BUFG)                        
                                                                                                                                                                                                                                                                                                                                                                                  
System                                                                   0         -                                                                                                     -                                                                           -                 -                                                                                          
==================================================================================================================================================================================================================================================================================================================================================================================
