Synplify Pro (R) Job Log
Date: 03:57:48    24-Aug-2025
Install Directory: /home/beagle/Microchip/Libero_SoC_v2023.2/SynplifyPro

JobFlow: synthesis
   Run Start Time: 03:57:20
   Runtime: 28s
   Executable Run Time: 27 - (Sum of all child executables)
   Current Working Directory: /home/beagle/builds/B9sZd6qR/0/vedj773/count-gateware/builds/my_custom_fpga_design/work/libero/synthesis

   JobFlow: synthesis
      Run Start Time: 03:57:20
      Runtime: 28s
      Executable Run Time: 27 - (Sum of all child executables)

      JobFlow: compile
         Run Start Time: 03:57:20
         Runtime: 09s
         Executable Run Time: 8 - (Sum of all child executables)

         JobFlow: compile_flow
            Run Start Time: 03:57:20
            Runtime: 05s
            Executable Run Time: 4 - (Sum of all child executables)

            Job: compiler
               executable: bin/c_hdl
               Run Directory: /home/beagle/builds/B9sZd6qR/0/vedj773/count-gateware/builds/my_custom_fpga_design/work/libero/synthesis
               Run State: complete
               Return Code: 0
               Has Errors: no
               Run Start Time: 03:57:20
               Run Time: 05s
               Executable Run Time: 4 - (Executable run time excluding UI processing)
               Memory Usage: 2.636 MB
               Up-to-date (run skipped): no
               CDPL: off

            Job: multi_srs_gen
               executable: bin/syn_nfilter
               Run Directory: /home/beagle/builds/B9sZd6qR/0/vedj773/count-gateware/builds/my_custom_fpga_design/work/libero/synthesis
               Run State: complete
               Return Code: 0
               Has Errors: no
               Run Start Time: 03:57:25
               Run Time: 00s
               Executable Run Time: 0 - (Executable run time excluding UI processing)
               Memory Usage: 2.636 MB
               Up-to-date (run skipped): no
               CDPL: off

         Job: premap
            executable: bin/m_generic
            Run Directory: /home/beagle/builds/B9sZd6qR/0/vedj773/count-gateware/builds/my_custom_fpga_design/work/libero/synthesis
            Run State: complete
            Return Code: 1
            Has Errors: no
            Run Start Time: 03:57:25
            Run Time: 04s
            Executable Run Time: 4 - (Executable run time excluding UI processing)
            Memory Usage: 2.64 MB
            Up-to-date (run skipped): no
            CDPL: off

      JobFlow: map
         Run Start Time: 03:57:29
         Runtime: 19s
         Executable Run Time: 19 - (Sum of all child executables)

         Job: fpga_mapper
            executable: bin/m_generic
            Run Directory: /home/beagle/builds/B9sZd6qR/0/vedj773/count-gateware/builds/my_custom_fpga_design/work/libero/synthesis
            Run State: complete
            Return Code: 1
            Has Errors: no
            Run Start Time: 03:57:29
            Run Time: 19s
            Executable Run Time: 19 - (Executable run time excluding UI processing)
            Memory Usage: 2.64 MB
            Up-to-date (run skipped): no
            CDPL: off
