{
"Synplify Pro (R) Job Log" : {
	"Date" : "14:42:37    20-Aug-2025",
	"Working Directory" : "/home/jessica/Desktop/github__echocore_jessica/qam_16/synthesis",
	"CDPL Log file" : "-",
	"Install" : "/usr/local/microchip/Libero_SoC_v2024.2/SynplifyPro"
},
"synthesis" :{
   "Job Flow" : "Sequential",
   "Start Time" : "14:42:21",
   "Runtime" : "16s",
   "Executable Run Time" : "15s",
   "synthesis" : {
      "Job Flow" : "Sequential",
      "Start Time" : "14:42:21",
      "Runtime" : "16s",
      "Executable Run Time" : "15s",
      "compile" : {
         "Job Flow" : "Sequential",
         "Start Time" : "14:42:21",
         "Runtime" : "06s",
         "Executable Run Time" : "05s",
         "compile_flow" : {
            "Job Flow" : "Sequential",
            "Start Time" : "14:42:21",
            "Runtime" : "04s",
            "Executable Run Time" : "03s",
            "compiler" : {
               "executable" : "bin/c_hdl",
               "Run Directory" : "/home/jessica/Desktop/github__echocore_jessica/qam_16/synthesis",
               "Run State" : "Complete",
               "Return Code" : "0",
               "Has Errors" : "no",
               "Run Start Time" : "14:42:21",
               "Run Time" : "04s",
               "Exe Run Time" : "03s",
               "Memory Usage" : "2.896000",
               "CDPL" : "off",
               "Up-to-date (run skipped)" : "no"
            },
            "multi_srs_gen" : {
               "executable" : "bin/syn_nfilter",
               "Run Directory" : "/home/jessica/Desktop/github__echocore_jessica/qam_16/synthesis",
               "Run State" : "Complete",
               "Return Code" : "0",
               "Has Errors" : "no",
               "Run Start Time" : "14:42:25",
               "Run Time" : "00s",
               "Exe Run Time" : "00s",
               "Memory Usage" : "2.896000",
               "CDPL" : "off",
               "Up-to-date (run skipped)" : "no"
            }
         },
         "premap" : {
            "executable" : "bin/m_generic",
            "Run Directory" : "/home/jessica/Desktop/github__echocore_jessica/qam_16/synthesis",
            "Run State" : "Complete",
            "Return Code" : "1",
            "Has Errors" : "no",
            "Run Start Time" : "14:42:25",
            "Run Time" : "02s",
            "Exe Run Time" : "02s",
            "Memory Usage" : "2.900000",
            "CDPL" : "off",
            "Up-to-date (run skipped)" : "no"
         }
      },
      "map" : {
         "Job Flow" : "Sequential",
         "Start Time" : "14:42:27",
         "Runtime" : "10s",
         "Executable Run Time" : "10s",
         "fpga_mapper" : {
            "executable" : "bin/m_generic",
            "Run Directory" : "/home/jessica/Desktop/github__echocore_jessica/qam_16/synthesis",
            "Run State" : "Complete",
            "Return Code" : "1",
            "Has Errors" : "no",
            "Run Start Time" : "14:42:27",
            "Run Time" : "10s",
            "Exe Run Time" : "10s",
            "Memory Usage" : "2.900000",
            "CDPL" : "off",
            "Up-to-date (run skipped)" : "no"
         }
      }
   }
}
}