Info: No timing constraint has been associated to the 'Place and Route' tool. 'Place and Route' will be run in non Timing Driven mode.
INFO: The option "Abort flow if errors are found in PDC" is turned ON in Project Settings> Design flow page. The Place & Route tool will fail if errors are found in associated PDC files. Please uncheck the option to ignore the errors and continue running the tool
***** Place and Route Configurations *****
Timing-driven            : OFF
Power-driven             : OFF
I/O Register Combining   : OFF
Global Pins Demotion     : OFF
Driver Replication       : OFF
High-effort              : OFF
Repair min-delay         : OFF
Incremental              : OFF

INFO: Reading User PDC file /home/jessica/Desktop/new_libero/mat/constraint/io/user.pdc. 0 error(s) and 0 warning(s)

Running the I/O Bank and Globals Assigner.
Info:  Globals Assigner found no global involed in the problem.
Info:  I/O Bank and Globals Assigner identified 98 fixed I/O macros, 0 unfixed I/O macros

I/O Bank and Globals Assigner completed successfully.
Total time spent in I/O Bank and Globals Assigner: 1 seconds

Placer V5.0 - 2024.2.0
Design: mat                             Started: Tue Aug 12 00:02:30 2025

Initializing Normal-Effort Standard Placement ...
Clustering ...
Placing ...
Improving placement ...
End of placement.

Placer Runtime Summary   :
Clustering (1 pass)      : 0 seconds
Placement                : 0 seconds
Improvement              : 0 seconds

Placer completed successfully.

Design: mat
Finished: Tue Aug 12 00:02:39 2025
Total CPU Time:     00:00:08            Total Elapsed Time: 00:00:09
Total Memory Usage: 1085.6 Mbytes
                        o - o - o - o - o - o


Router
Design: mat                             Started: Tue Aug 12 00:02:41 2025


Router completed successfully.

Design: mat
Finished: Tue Aug 12 00:02:42 2025
Total CPU Time:     00:00:01            Total Elapsed Time: 00:00:01
Total Memory Usage: 769.4 Mbytes
                        o - o - o - o - o - o

Resource Usage
+---------------+------+-------+------------+
| Type          | Used | Total | Percentage |
+---------------+------+-------+------------+
| 4LUT          | 320  | 22956 | 1.39       |
| DFF           | 288  | 22956 | 1.25       |
| I/O Register  | 0    | 106   | 0.00       |
| Logic Element | 320  | 22956 | 1.39       |
+---------------+------+-------+------------+

I/O Placement
+--------+-------+------------+
| Type   | Count | Percentage |
+--------+-------+------------+
| Locked |  98   | 100.00%    |
| Placed |  0    | 0.00%      |
+--------+-------+------------+

Completed writing pin report files.
